This file contains any messages produced by compilers while
running configure, to aid debugging if configure makes a mistake.

It was created by znc configure 0.207, which was
generated by GNU Autoconf 2.69.  Invocation command line was

  $ ./configure --enable-run-from-source

## --------- ##
## Platform. ##
## --------- ##

hostname = sliver
uname -m = x86_64
uname -r = 11.4.0
uname -s = Darwin
uname -v = Darwin Kernel Version 11.4.0: Mon Apr  9 19:32:15 PDT 2012; root:xnu-1699.26.8~1/RELEASE_X86_64

/usr/bin/uname -p = i386
/bin/uname -X     = unknown

/bin/arch              = unknown
/usr/bin/arch -k       = unknown
/usr/convex/getsysinfo = unknown
/usr/bin/hostinfo      = Mach kernel version:
	 Darwin Kernel Version 11.4.0: Mon Apr  9 19:32:15 PDT 2012; root:xnu-1699.26.8~1/RELEASE_X86_64
Kernel configured for up to 4 processors.
2 processors are physically available.
4 processors are logically available.
Processor type: i486 (Intel 80486)
Processors active: 0 1 2 3
Primary memory available: 8.00 gigabytes
Default processor set: 116 tasks, 546 threads, 4 processors
Load average: 1.11, Mach factor: 2.88
/bin/machine           = unknown
/usr/bin/oslevel       = unknown
/bin/universe          = unknown

PATH: /usr/local/Cellar/automake/1.12.1/bin
PATH: /usr/local/Cellar/autoconf/2.69/bin
PATH: /usr/local/Cellar/automake/1.12.1/bin
PATH: /usr/local/Cellar/autoconf/2.69/bin
PATH: /usr/local/Cellar/autoconf/2.69/bin
PATH: /usr/local/share/python
PATH: /usr/local/sbin
PATH: /usr/local/bin
PATH: /usr/bin
PATH: /bin
PATH: /usr/sbin
PATH: /sbin
PATH: /usr/local/bin
PATH: /opt/X11/bin
PATH: /usr/X11/bin
PATH: /usr/local/go/bin
PATH: /usr/texbin
PATH: /opt/local/bin
PATH: /usr/local/git/bin
PATH: /usr/local/Cellar/go/HEAD/bin
PATH: /Users/ori/go/bin


## ----------- ##
## Core tests. ##
## ----------- ##

configure:2050: checking for g++
configure:2066: found /usr/bin/g++
configure:2077: result: g++
configure:2104: checking for C++ compiler version
configure:2113: g++ --version >&5
i686-apple-darwin11-llvm-g++-4.2 (GCC) 4.2.1 (Based on Apple Inc. build 5658) (LLVM build 2336.9.00)
Copyright (C) 2007 Free Software Foundation, Inc.
This is free software; see the source for copying conditions.  There is NO
warranty; not even for MERCHANTABILITY or FITNESS FOR A PARTICULAR PURPOSE.

configure:2124: $? = 0
configure:2113: g++ -v >&5
Using built-in specs.
Target: i686-apple-darwin11
Configured with: /private/var/tmp/llvmgcc42/llvmgcc42-2336.9~22/src/configure --disable-checking --enable-werror --prefix=/Applications/Xcode.app/Contents/Developer/usr/llvm-gcc-4.2 --mandir=/share/man --enable-languages=c,objc,c++,obj-c++ --program-prefix=llvm- --program-transform-name=/^[cg][^.-]*$/s/$/-4.2/ --with-slibdir=/usr/lib --build=i686-apple-darwin11 --enable-llvm=/private/var/tmp/llvmgcc42/llvmgcc42-2336.9~22/dst-llvmCore/Developer/usr/local --program-prefix=i686-apple-darwin11- --host=x86_64-apple-darwin11 --target=i686-apple-darwin11 --with-gxx-include-dir=/usr/include/c++/4.2.1
Thread model: posix
gcc version 4.2.1 (Based on Apple Inc. build 5658) (LLVM build 2336.9.00)
configure:2124: $? = 0
configure:2113: g++ -V >&5
llvm-g++-4.2: argument to `-V' is missing
configure:2124: $? = 1
configure:2113: g++ -qversion >&5
i686-apple-darwin11-llvm-g++-4.2: no input files
configure:2124: $? = 1
configure:2144: checking whether the C++ compiler works
configure:2166: g++     conftest.cpp  >&5
configure:2170: $? = 0
configure:2218: result: yes
configure:2221: checking for C++ compiler default output file name
configure:2223: result: a.out
configure:2229: checking for suffix of executables
configure:2236: g++ -o conftest     conftest.cpp  >&5
configure:2240: $? = 0
configure:2262: result: 
configure:2284: checking whether we are cross compiling
configure:2292: g++ -o conftest     conftest.cpp  >&5
configure:2296: $? = 0
configure:2303: ./conftest
configure:2307: $? = 0
configure:2322: result: no
configure:2327: checking for suffix of object files
configure:2349: g++ -c    conftest.cpp >&5
configure:2353: $? = 0
configure:2374: result: o
configure:2378: checking whether we are using the GNU C++ compiler
configure:2397: g++ -c    conftest.cpp >&5
configure:2397: $? = 0
configure:2406: result: yes
configure:2415: checking whether g++ accepts -g
configure:2435: g++ -c -g  conftest.cpp >&5
configure:2435: $? = 0
configure:2476: result: yes
configure:2542: checking for a BSD-compatible install
configure:2610: result: /usr/bin/install -c
configure:2621: checking for grep that handles long lines and -e
configure:2679: result: /usr/bin/grep
configure:2684: checking for a sed that does not truncate output
configure:2748: result: /usr/bin/sed
configure:2757: checking build system type
configure:2771: result: x86_64-apple-darwin11.4.0
configure:2791: checking host system type
configure:2804: result: x86_64-apple-darwin11.4.0
configure:2832: checking for special C compiler options needed for large files
configure:2862: g++ -c    conftest.cpp >&5
configure:2862: $? = 0
configure:2877: result: no
configure:2883: checking for _FILE_OFFSET_BITS value needed for large files
configure:2908: g++ -c    conftest.cpp >&5
configure:2908: $? = 0
configure:2940: result: no
configure:3036: checking whether the -Werror option is usable
configure:3055: g++ -c   -Werror  conftest.cpp >&5
configure:3055: $? = 0
configure:3064: result: yes
configure:3066: checking for simple visibility declarations
configure:3093: g++ -c   -fvisibility=hidden -Werror  conftest.cpp >&5
configure:3093: $? = 0
configure:3102: result: yes
configure:3312: WARNING: poll() is known to be broken on Mac OS X. Using select() instead.
configure:3314: WARNING: Use --enable-poll for forcing poll() to be used.
configure:3326: checking for getopt_long in -lgnugetopt
configure:3351: g++ -o conftest   -D_FORTIFY_SOURCE=2 -O2 -Wall -W -Wno-unused-parameter -Woverloaded-virtual -Wshadow   conftest.cpp -lgnugetopt   >&5
ld: library not found for -lgnugetopt
collect2: ld returned 1 exit status
configure:3351: $? = 1
configure: failed program was:
| /* confdefs.h */
| #define PACKAGE_NAME "znc"
| #define PACKAGE_TARNAME "znc"
| #define PACKAGE_VERSION "0.207"
| #define PACKAGE_STRING "znc 0.207"
| #define PACKAGE_BUGREPORT ""
| #define PACKAGE_URL ""
| #define HAVE_VISIBILITY 1
| #define RUN_FROM_SOURCE 1
| #define HAVE_IPV6 1
| /* end confdefs.h.  */
| 
| /* Override any GCC internal prototype to avoid an error.
|    Use char because int might match the return type of a GCC
|    builtin and then its argument prototype would still apply.  */
| #ifdef __cplusplus
| extern "C"
| #endif
| char getopt_long ();
| int
| main ()
| {
| return getopt_long ();
|   ;
|   return 0;
| }
configure:3360: result: no
configure:3374: checking for lstat
configure:3374: g++ -o conftest   -D_FORTIFY_SOURCE=2 -O2 -Wall -W -Wno-unused-parameter -Woverloaded-virtual -Wshadow   conftest.cpp  >&5
configure:3374: $? = 0
configure:3374: result: yes
configure:3374: checking for getopt_long
configure:3374: g++ -o conftest   -D_FORTIFY_SOURCE=2 -O2 -Wall -W -Wno-unused-parameter -Woverloaded-virtual -Wshadow   conftest.cpp  >&5
configure:3374: $? = 0
configure:3374: result: yes
configure:3374: checking for getphassphrase
configure:3374: g++ -o conftest   -D_FORTIFY_SOURCE=2 -O2 -Wall -W -Wno-unused-parameter -Woverloaded-virtual -Wshadow   conftest.cpp  >&5
Undefined symbols for architecture x86_64:
  "_getphassphrase", referenced from:
      _main in ccAnoV5w.o
ld: symbol(s) not found for architecture x86_64
collect2: ld returned 1 exit status
configure:3374: $? = 1
configure: failed program was:
| /* confdefs.h */
| #define PACKAGE_NAME "znc"
| #define PACKAGE_TARNAME "znc"
| #define PACKAGE_VERSION "0.207"
| #define PACKAGE_STRING "znc 0.207"
| #define PACKAGE_BUGREPORT ""
| #define PACKAGE_URL ""
| #define HAVE_VISIBILITY 1
| #define RUN_FROM_SOURCE 1
| #define HAVE_IPV6 1
| #define HAVE_LSTAT 1
| #define HAVE_GETOPT_LONG 1
| /* end confdefs.h.  */
| /* Define getphassphrase to an innocuous variant, in case <limits.h> declares getphassphrase.
|    For example, HP-UX 11i <limits.h> declares gettimeofday.  */
| #define getphassphrase innocuous_getphassphrase
| 
| /* System header to define __stub macros and hopefully few prototypes,
|     which can conflict with char getphassphrase (); below.
|     Prefer <limits.h> to <assert.h> if __STDC__ is defined, since
|     <limits.h> exists even on freestanding compilers.  */
| 
| #ifdef __STDC__
| # include <limits.h>
| #else
| # include <assert.h>
| #endif
| 
| #undef getphassphrase
| 
| /* Override any GCC internal prototype to avoid an error.
|    Use char because int might match the return type of a GCC
|    builtin and then its argument prototype would still apply.  */
| #ifdef __cplusplus
| extern "C"
| #endif
| char getphassphrase ();
| /* The GNU C library defines this for functions which it implements
|     to always fail with ENOSYS.  Some functions are actually named
|     something starting with __ and the normal name is an alias.  */
| #if defined __stub_getphassphrase || defined __stub___getphassphrase
| choke me
| #endif
| 
| int
| main ()
| {
| return getphassphrase ();
|   ;
|   return 0;
| }
configure:3374: result: no
configure:3436: checking for pkg-config
configure:3454: found /usr/local/bin/pkg-config
configure:3466: result: /usr/local/bin/pkg-config
configure:3491: checking pkg-config is at least version 0.9.0
configure:3494: result: yes
configure:3505: checking for library containing dlopen
configure:3536: g++ -o conftest   -D_FORTIFY_SOURCE=2 -O2 -Wall -W -Wno-unused-parameter -Woverloaded-virtual -Wshadow   conftest.cpp  >&5
configure:3536: $? = 0
configure:3553: result: none required
configure:3687: checking whether pthreads work with -pthread
configure:3776: g++ -o conftest   -D_FORTIFY_SOURCE=2 -O2 -Wall -W -Wno-unused-parameter -Woverloaded-virtual -Wshadow -pthread   conftest.cpp -pthread  >&5
configure:3776: $? = 0
configure:3785: result: yes
configure:3804: checking for joinable pthread attribute
configure:3819: g++ -o conftest   -D_FORTIFY_SOURCE=2 -O2 -Wall -W -Wno-unused-parameter -Woverloaded-virtual -Wshadow -pthread   conftest.cpp -pthread  >&5
configure:3819: $? = 0
configure:3825: result: PTHREAD_CREATE_JOINABLE
configure:3835: checking if more special flags are required for pthreads
configure:3849: result: -D_THREAD_SAFE
configure:3855: checking for PTHREAD_PRIO_INHERIT
configure:3873: g++ -o conftest   -D_FORTIFY_SOURCE=2 -O2 -Wall -W -Wno-unused-parameter -Woverloaded-virtual -Wshadow -pthread   conftest.cpp -pthread  >&5
conftest.cpp: In function 'int main()':
conftest.cpp:19: warning: unused variable 'i'
configure:3873: $? = 0
configure:3882: result: yes
configure:3899: checking for xlc_r
configure:3929: result: no
configure:3899: checking for cc_r
configure:3929: result: no
configure:3952: checking whether getaddrinfo() supports AI_ADDRCONFIG
configure:3973: g++ -c   -D_FORTIFY_SOURCE=2 -O2 -Wall -W -Wno-unused-parameter -Woverloaded-virtual -Wshadow  conftest.cpp >&5
conftest.cpp: In function 'int main()':
conftest.cpp:25: warning: unused variable 'x'
configure:3973: $? = 0
configure:3975: result: yes
configure:4039: checking for openssl
configure:4046: $PKG_CONFIG --exists --print-errors "openssl"
configure:4049: $? = 0
configure:4062: $PKG_CONFIG --exists --print-errors "openssl"
configure:4065: $? = 0
configure:4296: result: yes
configure:5095: checking for iconv
configure:5095: g++ -o conftest   -D_FORTIFY_SOURCE=2 -O2 -Wall -W -Wno-unused-parameter -Woverloaded-virtual -Wshadow -D_THREAD_SAFE -pthread     conftest.cpp -pthread -lssl -lcrypto -lz   >&5
Undefined symbols for architecture x86_64:
  "_iconv", referenced from:
      _main in ccdX7W2d.o
ld: symbol(s) not found for architecture x86_64
collect2: ld returned 1 exit status
configure:5095: $? = 1
configure: failed program was:
| /* confdefs.h */
| #define PACKAGE_NAME "znc"
| #define PACKAGE_TARNAME "znc"
| #define PACKAGE_VERSION "0.207"
| #define PACKAGE_STRING "znc 0.207"
| #define PACKAGE_BUGREPORT ""
| #define PACKAGE_URL ""
| #define HAVE_VISIBILITY 1
| #define RUN_FROM_SOURCE 1
| #define HAVE_IPV6 1
| #define HAVE_LSTAT 1
| #define HAVE_GETOPT_LONG 1
| #define HAVE_PTHREAD_PRIO_INHERIT 1
| #define HAVE_THREADED_DNS 1
| #define HAVE_LIBSSL 1
| /* end confdefs.h.  */
| /* Define iconv to an innocuous variant, in case <limits.h> declares iconv.
|    For example, HP-UX 11i <limits.h> declares gettimeofday.  */
| #define iconv innocuous_iconv
| 
| /* System header to define __stub macros and hopefully few prototypes,
|     which can conflict with char iconv (); below.
|     Prefer <limits.h> to <assert.h> if __STDC__ is defined, since
|     <limits.h> exists even on freestanding compilers.  */
| 
| #ifdef __STDC__
| # include <limits.h>
| #else
| # include <assert.h>
| #endif
| 
| #undef iconv
| 
| /* Override any GCC internal prototype to avoid an error.
|    Use char because int might match the return type of a GCC
|    builtin and then its argument prototype would still apply.  */
| #ifdef __cplusplus
| extern "C"
| #endif
| char iconv ();
| /* The GNU C library defines this for functions which it implements
|     to always fail with ENOSYS.  Some functions are actually named
|     something starting with __ and the normal name is an alias.  */
| #if defined __stub_iconv || defined __stub___iconv
| choke me
| #endif
| 
| int
| main ()
| {
| return iconv ();
|   ;
|   return 0;
| }
configure:5095: result: no
configure:5100: checking for iconv_open in -liconv
configure:5125: g++ -o conftest   -D_FORTIFY_SOURCE=2 -O2 -Wall -W -Wno-unused-parameter -Woverloaded-virtual -Wshadow -D_THREAD_SAFE -pthread     conftest.cpp -liconv  -pthread -lssl -lcrypto -lz   >&5
configure:5125: $? = 0
configure:5134: result: yes
configure:5142: checking whether iconv expects a const second argument
configure:5163: g++ -c   -D_FORTIFY_SOURCE=2 -O2 -Wall -W -Wno-unused-parameter -Woverloaded-virtual -Wshadow -D_THREAD_SAFE -pthread    conftest.cpp >&5
configure:5163: $? = 0
configure:5165: result: no
configure:5182: checking for GNU make
configure:5221: result: /usr/bin/make
configure:5398: creating ./config.status

## ---------------------- ##
## Running config.status. ##
## ---------------------- ##

This file was extended by znc config.status 0.207, which was
generated by GNU Autoconf 2.69.  Invocation command line was

  CONFIG_FILES    = 
  CONFIG_HEADERS  = 
  CONFIG_LINKS    = 
  CONFIG_COMMANDS = 
  $ ./config.status 

on sliver

config.status:845: creating Makefile
config.status:845: creating znc-config
config.status:845: creating znc-buildmod
config.status:845: creating man/Makefile
config.status:845: creating znc.pc
config.status:845: creating znc-uninstalled.pc
config.status:845: creating modules/Makefile
config.status:845: creating test/Makefile
config.status:845: creating include/znc/zncconfig.h

## ---------------- ##
## Cache variables. ##
## ---------------- ##

ac_cv_build=x86_64-apple-darwin11.4.0
ac_cv_cxx_compiler_gnu=yes
ac_cv_env_CCC_set=
ac_cv_env_CCC_value=
ac_cv_env_CPPFLAGS_set=
ac_cv_env_CPPFLAGS_value=
ac_cv_env_CXXFLAGS_set=
ac_cv_env_CXXFLAGS_value=
ac_cv_env_CXX_set=
ac_cv_env_CXX_value=
ac_cv_env_LDFLAGS_set=
ac_cv_env_LDFLAGS_value=
ac_cv_env_LIBS_set=
ac_cv_env_LIBS_value=
ac_cv_env_PKG_CONFIG_LIBDIR_set=
ac_cv_env_PKG_CONFIG_LIBDIR_value=
ac_cv_env_PKG_CONFIG_PATH_set=
ac_cv_env_PKG_CONFIG_PATH_value=
ac_cv_env_PKG_CONFIG_set=
ac_cv_env_PKG_CONFIG_value=
ac_cv_env_build_alias_set=
ac_cv_env_build_alias_value=
ac_cv_env_host_alias_set=
ac_cv_env_host_alias_value=
ac_cv_env_openssl_CFLAGS_set=
ac_cv_env_openssl_CFLAGS_value=
ac_cv_env_openssl_LIBS_set=
ac_cv_env_openssl_LIBS_value=
ac_cv_env_python32_CFLAGS_set=
ac_cv_env_python32_CFLAGS_value=
ac_cv_env_python32_LIBS_set=
ac_cv_env_python32_LIBS_value=
ac_cv_env_python_CFLAGS_set=
ac_cv_env_python_CFLAGS_value=
ac_cv_env_python_LIBS_set=
ac_cv_env_python_LIBS_value=
ac_cv_env_target_alias_set=
ac_cv_env_target_alias_value=
ac_cv_func_getopt_long=yes
ac_cv_func_getphassphrase=no
ac_cv_func_iconv=no
ac_cv_func_lstat=yes
ac_cv_host=x86_64-apple-darwin11.4.0
ac_cv_lib_gnugetopt_getopt_long=no
ac_cv_lib_iconv_iconv_open=yes
ac_cv_objext=o
ac_cv_path_GNUMAKE=/usr/bin/make
ac_cv_path_GREP=/usr/bin/grep
ac_cv_path_SED=/usr/bin/sed
ac_cv_path_ac_pt_PKG_CONFIG=/usr/local/bin/pkg-config
ac_cv_path_install='/usr/bin/install -c'
ac_cv_prog_ac_ct_CXX=g++
ac_cv_prog_cxx_g=yes
ac_cv_search_dlopen='none required'
ac_cv_sys_file_offset_bits=no
ac_cv_sys_largefile_CC=no
ax_cv_PTHREAD_PRIO_INHERIT=yes
pkg_cv_openssl_CFLAGS=' '
pkg_cv_openssl_LIBS='-lssl -lcrypto -lz  '
znc_cv_cc_vis_werror=yes
znc_cv_cc_visibility=yes

## ----------------- ##
## Output variables. ##
## ----------------- ##

CFLAG_VISIBILITY='-fvisibility=hidden'
CHARSET='1'
CPPFLAGS=''
CXX='g++'
CXXFLAGS='  -D_FORTIFY_SOURCE=2 -O2 -Wall -W -Wno-unused-parameter -Woverloaded-virtual -Wshadow -D_THREAD_SAFE -pthread  '
DATADIR='${datarootdir}/znc'
DEFS='-DHAVE_CONFIG_H'
ECHO_C='\c'
ECHO_N=''
ECHO_T=''
EXEEXT=''
GREP='/usr/bin/grep'
HAVE_VISIBILITY='1'
INSTALL_DATA='${INSTALL} -m 644'
INSTALL_PROGRAM='${INSTALL}'
INSTALL_SCRIPT='${INSTALL}'
LDFLAGS=''
LIBICONV='-liconv'
LIBOBJS=''
LIBS='-pthread -lssl -lcrypto -lz  '
LIBZNC=''
LIBZNCDIR=''
LTLIBOBJS=''
MODDIR='${exec_prefix}/lib/znc'
MODFLAGS='  -D_FORTIFY_SOURCE=2 -O2 -Wall -W -Wno-unused-parameter -Woverloaded-virtual -Wshadow -D_THREAD_SAFE -pthread   -fvisibility=hidden -fPIC -DICONV_CONST='
MODLINK='-bundle -flat_namespace -undefined suppress'
NOSSL=''
OBJEXT='o'
PACKAGE_BUGREPORT=''
PACKAGE_NAME='znc'
PACKAGE_STRING='znc 0.207'
PACKAGE_TARNAME='znc'
PACKAGE_URL=''
PACKAGE_VERSION='0.207'
PATH_SEPARATOR=':'
PERL='no'
PERL_BINARY=''
PKG_CONFIG='/usr/local/bin/pkg-config'
PKG_CONFIG_LIBDIR=''
PKG_CONFIG_PATH=''
PTHREAD_CC=''
PTHREAD_CFLAGS='-D_THREAD_SAFE -pthread'
PTHREAD_LIBS='-pthread'
PYTHON='no'
SASL=''
SED='/usr/bin/sed'
SHELL='/bin/sh'
SWIG=''
SWIG_LIB=''
TCL_FLAGS=''
ac_ct_CXX='g++'
ax_pthread_config=''
bindir='${exec_prefix}/bin'
build='x86_64-apple-darwin11.4.0'
build_alias=''
build_cpu='x86_64'
build_os='darwin11.4.0'
build_vendor='apple'
datadir='${datarootdir}'
datarootdir='${prefix}/share'
docdir='${datarootdir}/doc/${PACKAGE_TARNAME}'
dvidir='${docdir}'
exec_prefix='${prefix}'
host='x86_64-apple-darwin11.4.0'
host_alias=''
host_cpu='x86_64'
host_os='darwin11.4.0'
host_vendor='apple'
htmldir='${docdir}'
includedir='${prefix}/include'
infodir='${datarootdir}/info'
libdir='${exec_prefix}/lib'
libexecdir='${exec_prefix}/libexec'
localedir='${datarootdir}/locale'
localstatedir='${prefix}/var'
mandir='${datarootdir}/man'
oldincludedir='/usr/include'
openssl_CFLAGS=' '
openssl_LIBS='-lssl -lcrypto -lz  '
pdfdir='${docdir}'
prefix='/usr/local'
program_transform_name='s,x,x,'
psdir='${docdir}'
python32_CFLAGS=''
python32_LIBS=''
python_CFLAGS=''
python_LIBS=''
sbindir='${exec_prefix}/sbin'
sharedstatedir='${prefix}/com'
sysconfdir='${prefix}/etc'
target_alias=''

## ----------- ##
## confdefs.h. ##
## ----------- ##

/* confdefs.h */
#define PACKAGE_NAME "znc"
#define PACKAGE_TARNAME "znc"
#define PACKAGE_VERSION "0.207"
#define PACKAGE_STRING "znc 0.207"
#define PACKAGE_BUGREPORT ""
#define PACKAGE_URL ""
#define HAVE_VISIBILITY 1
#define RUN_FROM_SOURCE 1
#define HAVE_IPV6 1
#define HAVE_LSTAT 1
#define HAVE_GETOPT_LONG 1
#define HAVE_PTHREAD_PRIO_INHERIT 1
#define HAVE_THREADED_DNS 1
#define HAVE_LIBSSL 1

configure: exit 0
